<?xml version="1.0" encoding="UTF-8"?>
<!-- Generated by org.testng.reporters.JUnitXMLReporter -->
<testsuite ignored="0" hostname="LAPTOP-RGN3DGNM" failures="0" tests="3" name="Test" time="25.513" errors="0" timestamp="2025-05-10T16:05:39 IST">
  <testcase classname="testng.TestScript_3" name="clickOnElectronics" time="0.808"/>
  <testcase classname="testng.TestScript_1" name="clickOnBooks" time="1.002"/>
  <testcase classname="testng.TestScript_2" name="clickOnComputersLink" time="0.806"/>
</testsuite> <!-- Test -->
